0.0
0.0
0.0
0.0
0.0
0.0
0.0
0.0
2.0
1.0
1.0
5.0
63.6
80.0
76.4
78.5
65.7
87.7
77.5
77.4
80.6
73.3
73.0
68.2
85.9
77.8
70.3
73.3
89.2
72.7
77.4
78.0
83.5
68.6
84.1
84.2
76.8
72.7
90.0
81.4
76.8
77.9
86.1
76.9
76.1
87.0
78.4
73.2
69.6
76.8
77.0
84.4
87.0
88.0
80.2
86.0
80.2
79.6
90.0
65.3
79.3
82.9
82.2
85.7
85.8
75.2
88.1
75.2
68.8
0.0
1.0
1.0
0.0
0.0
0.0
0.0
0.0
1.0
0.0
1.0
1.0
0.0
0.0
0.0
1.0
0.0
1.0
0.0
0.0
1.0
0.0
0.0
1.0
1.0
1.0
0.0
0.0
1.0
0.0
0.0
0.0
1.0
1.0
0.0
0.0
0.0
1.0
1.0
1.0
0.0
1.0
0.0
1.0
0.0
1.0
0.0
0.0
0.0
0.0
1.0
1.0
0.0
1.0
1.0
0.0
0.0
0.0
1.0
0.0
1.0
1.0
0.0
1.0
0.0
0.0
0.0
1.0
0.0
1.0
1.0
1.0
0.0
0.0
1.0
0.0
0.0
1.0
0.0
1.0
0.0
1.0
0.0
0.0
2.0
0.0
0.0
0.0
1.9
0.0
0.0
0.0
1.0
1.0
0.0
0.0
0.0
0.0
1.0
1.0
0.0
0.0
1.0
1.0
0.0
0.0
1.0
0.0
1.0
0.0
0.0
