0.0
0.0
0.0
0.0
0.0
1.0
0.0
1.0
1.0
0.0
1.0
0.0
13.9
64.0
78.0
73.3
85.1
61.0
84.6
64.2
85.3
77.0
74.3
72.9
90.0
75.2
81.8
54.4
89.9
66.4
82.0
67.3
67.0
85.7
60.4
69.2
87.1
52.0
85.1
78.5
90.0
58.4
78.5
70.5
72.4
84.2
78.7
80.0
78.2
72.2
84.8
70.3
85.1
69.0
62.0
83.2
75.2
75.2
83.2
68.3
82.2
76.0
85.1
77.5
68.3
80.0
71.0
79.0
68.3
77.2
79.0
77.0
85.1
63.0
73.3
70.6
77.8
68.3
10.9
1.0
1.0
1.0
1.0
1.0
0.0
0.0
0.0
1.0
0.0
1.0
0.0
0.0
2.0
0.0
0.0
0.0
1.0
1.0
0.0
1.0
0.0
1.0
0.0
1.0
1.0
0.0
0.0
1.0
1.0
0.0
0.0
1.0
0.0
1.0
0.0
1.0
1.0
1.0
0.0
1.0
0.0
1.0
1.0
0.0
1.0
1.0
0.0
0.0
1.0
0.0
1.0
0.0
1.0
0.0
1.0
0.0
1.0
0.0
1.0
1.0
1.0
1.0
1.0
0.0
1.0
1.0
0.0
1.0
1.0
0.0
0.0
0.0
0.0
1.0
0.0
1.0
0.0
1.0
0.0
0.0
1.0
1.0
0.0
0.0
0.0
0.0
1.0
0.0
1.0
0.0
1.0
0.0
1.0
1.0
0.0
1.0
0.0
0.0
1.0
0.0
