0.0
0.0
0.0
0.0
0.0
0.0
0.0
1.0
0.0
0.0
0.0
2.0
0.0
2.0
53.0
54.5
60.0
58.6
53.0
63.7
64.0
62.7
68.6
63.4
63.0
67.0
63.8
63.5
66.7
61.8
61.4
69.3
69.3
64.7
62.4
62.4
63.4
66.7
63.5
62.4
60.8
62.0
56.9
64.4
58.0
68.6
59.4
64.7
64.5
61.0
61.4
64.0
56.9
60.7
65.7
59.0
57.3
65.0
60.8
56.4
61.2
61.4
61.0
60.4
52.5
62.4
58.0
59.4
59.4
61.0
62.7
58.0
59.2
55.0
55.9
57.8
61.7
61.4
60.0
60.0
57.3
62.0
52.0
51.5
58.4
58.4
60.0
57.0
60.4
55.9
58.4
62.4
62.4
60.4
59.6
60.4
66.0
62.7
69.0
64.4
65.0
64.0
69.3
67.3
6.0
1.0
1.0
1.0
1.0
0.0
0.0
1.0
1.0
0.0
0.0
0.0
1.0
0.0
1.0
0.0
1.0
1.0
0.0
0.0
0.0
0.0
0.0
1.0
1.0
0.0
1.0
1.0
0.0
0.0
0.0
0.0
1.0
1.0
0.0
2.0
0.0
1.0
1.0
1.0
0.0
0.0
0.0
1.0
0.0
0.0
1.0
1.0
0.0
1.0
1.0
0.0
0.0
0.0
1.0
1.0
0.0
0.0
1.0
1.0
1.0
1.0
0.0
0.0
0.0
0.0
0.0
0.0
1.0
0.0
1.0
0.0
1.0
0.0
1.0
0.0
