      6 [03/May/2026:15:50:16
      2 [03/May/2026:15:50:17
      4 [03/May/2026:15:50:18
      8 [03/May/2026:15:50:19
     16 [03/May/2026:15:50:20
     32 [03/May/2026:15:50:21
     32 [03/May/2026:15:50:22
     32 [03/May/2026:15:50:23
      2 [03/May/2026:15:50:24
    133 [03/May/2026:15:50:25
    163 [03/May/2026:15:50:26
    245 [03/May/2026:15:50:27
    190 [03/May/2026:15:50:28
    240 [03/May/2026:15:50:29
    153 [03/May/2026:15:50:30
    243 [03/May/2026:15:50:31
    204 [03/May/2026:15:50:32
    227 [03/May/2026:15:50:33
    235 [03/May/2026:15:50:34
    194 [03/May/2026:15:50:35
    219 [03/May/2026:15:50:36
    225 [03/May/2026:15:50:37
    299 [03/May/2026:15:50:38
    122 [03/May/2026:15:50:39
    193 [03/May/2026:15:50:40
    289 [03/May/2026:15:50:41
    147 [03/May/2026:15:50:42
    214 [03/May/2026:15:50:43
    258 [03/May/2026:15:50:44
    160 [03/May/2026:15:50:45
    210 [03/May/2026:15:50:46
    268 [03/May/2026:15:50:47
    161 [03/May/2026:15:50:48
    260 [03/May/2026:15:50:49
    202 [03/May/2026:15:50:50
    201 [03/May/2026:15:50:51
    263 [03/May/2026:15:50:52
    158 [03/May/2026:15:50:53
    226 [03/May/2026:15:50:54
    229 [03/May/2026:15:50:55
    181 [03/May/2026:15:50:56
    234 [03/May/2026:15:50:57
    239 [03/May/2026:15:50:58
    246 [03/May/2026:15:50:59
    192 [03/May/2026:15:51:00
    192 [03/May/2026:15:51:01
    280 [03/May/2026:15:51:02
    168 [03/May/2026:15:51:03
    218 [03/May/2026:15:51:04
    240 [03/May/2026:15:51:05
    163 [03/May/2026:15:51:06
    227 [03/May/2026:15:51:07
    225 [03/May/2026:15:51:08
    239 [03/May/2026:15:51:09
    258 [03/May/2026:15:51:10
    169 [03/May/2026:15:51:11
    237 [03/May/2026:15:51:12
    310 [03/May/2026:15:51:13
    129 [03/May/2026:15:51:14
    230 [03/May/2026:15:51:15
    230 [03/May/2026:15:51:16
    305 [03/May/2026:15:51:17
    150 [03/May/2026:15:51:18
    188 [03/May/2026:15:51:19
    298 [03/May/2026:15:51:20
    143 [03/May/2026:15:51:21
    198 [03/May/2026:15:51:22
    279 [03/May/2026:15:51:23
    166 [03/May/2026:15:51:24
    281 [03/May/2026:15:51:25
    164 [03/May/2026:15:51:26
    230 [03/May/2026:15:51:27
    256 [03/May/2026:15:51:28
    158 [03/May/2026:15:51:29
    112 [03/May/2026:15:51:30
