      5 [03/May/2026:16:05:42
      1 [03/May/2026:16:05:43
      2 [03/May/2026:16:05:44
      4 [03/May/2026:16:05:45
      8 [03/May/2026:16:05:46
     16 [03/May/2026:16:05:47
     32 [03/May/2026:16:05:48
     32 [03/May/2026:16:05:49
     32 [03/May/2026:16:05:50
      9 [03/May/2026:16:05:51
    162 [03/May/2026:16:05:52
    249 [03/May/2026:16:05:53
    153 [03/May/2026:16:05:54
    196 [03/May/2026:16:05:55
    180 [03/May/2026:16:05:56
    227 [03/May/2026:16:05:57
    205 [03/May/2026:16:05:58
    185 [03/May/2026:16:05:59
    199 [03/May/2026:16:06:00
    216 [03/May/2026:16:06:01
    170 [03/May/2026:16:06:02
    234 [03/May/2026:16:06:03
    257 [03/May/2026:16:06:04
    208 [03/May/2026:16:06:05
    168 [03/May/2026:16:06:06
    191 [03/May/2026:16:06:07
    274 [03/May/2026:16:06:08
    157 [03/May/2026:16:06:09
    160 [03/May/2026:16:06:10
    212 [03/May/2026:16:06:11
    249 [03/May/2026:16:06:12
    164 [03/May/2026:16:06:13
    170 [03/May/2026:16:06:14
    236 [03/May/2026:16:06:15
    189 [03/May/2026:16:06:16
    176 [03/May/2026:16:06:17
    173 [03/May/2026:16:06:18
    247 [03/May/2026:16:06:19
    188 [03/May/2026:16:06:20
    188 [03/May/2026:16:06:21
    215 [03/May/2026:16:06:22
    200 [03/May/2026:16:06:23
    184 [03/May/2026:16:06:24
    236 [03/May/2026:16:06:25
    186 [03/May/2026:16:06:26
    245 [03/May/2026:16:06:27
    185 [03/May/2026:16:06:28
    219 [03/May/2026:16:06:29
    243 [03/May/2026:16:06:30
    227 [03/May/2026:16:06:31
    165 [03/May/2026:16:06:32
    191 [03/May/2026:16:06:33
    242 [03/May/2026:16:06:34
    181 [03/May/2026:16:06:35
    161 [03/May/2026:16:06:36
    223 [03/May/2026:16:06:37
    213 [03/May/2026:16:06:38
    246 [03/May/2026:16:06:39
    188 [03/May/2026:16:06:40
    265 [03/May/2026:16:06:41
    172 [03/May/2026:16:06:42
    228 [03/May/2026:16:06:43
    216 [03/May/2026:16:06:44
    229 [03/May/2026:16:06:45
    189 [03/May/2026:16:06:46
    204 [03/May/2026:16:06:47
    164 [03/May/2026:16:06:48
    220 [03/May/2026:16:06:49
    240 [03/May/2026:16:06:50
    210 [03/May/2026:16:06:51
    164 [03/May/2026:16:06:52
    242 [03/May/2026:16:06:53
    195 [03/May/2026:16:06:54
    165 [03/May/2026:16:06:55
    229 [03/May/2026:16:06:56
    234 [03/May/2026:16:06:57
    149 [03/May/2026:16:06:58
    232 [03/May/2026:16:06:59
    129 [03/May/2026:16:07:00
