      5 [03/May/2026:16:12:17
      1 [03/May/2026:16:12:18
      2 [03/May/2026:16:12:19
      4 [03/May/2026:16:12:20
      8 [03/May/2026:16:12:21
     16 [03/May/2026:16:12:22
     32 [03/May/2026:16:12:23
     32 [03/May/2026:16:12:24
     32 [03/May/2026:16:12:25
      1 [03/May/2026:16:12:26
    136 [03/May/2026:16:12:27
    145 [03/May/2026:16:12:28
    141 [03/May/2026:16:12:29
    161 [03/May/2026:16:12:30
    133 [03/May/2026:16:12:31
    171 [03/May/2026:16:12:32
    155 [03/May/2026:16:12:33
    161 [03/May/2026:16:12:34
    158 [03/May/2026:16:12:35
    173 [03/May/2026:16:12:36
    148 [03/May/2026:16:12:37
    179 [03/May/2026:16:12:38
    141 [03/May/2026:16:12:39
    178 [03/May/2026:16:12:40
    151 [03/May/2026:16:12:41
    154 [03/May/2026:16:12:42
    175 [03/May/2026:16:12:43
    145 [03/May/2026:16:12:44
    169 [03/May/2026:16:12:45
    171 [03/May/2026:16:12:46
    143 [03/May/2026:16:12:47
    163 [03/May/2026:16:12:48
    163 [03/May/2026:16:12:49
    138 [03/May/2026:16:12:50
    160 [03/May/2026:16:12:51
    161 [03/May/2026:16:12:52
    165 [03/May/2026:16:12:53
    159 [03/May/2026:16:12:54
    163 [03/May/2026:16:12:55
    161 [03/May/2026:16:12:56
    165 [03/May/2026:16:12:57
    164 [03/May/2026:16:12:58
    164 [03/May/2026:16:12:59
    161 [03/May/2026:16:13:00
    160 [03/May/2026:16:13:01
    159 [03/May/2026:16:13:02
    161 [03/May/2026:16:13:03
    163 [03/May/2026:16:13:04
    161 [03/May/2026:16:13:05
    160 [03/May/2026:16:13:06
    160 [03/May/2026:16:13:07
    157 [03/May/2026:16:13:08
    159 [03/May/2026:16:13:09
    170 [03/May/2026:16:13:10
    165 [03/May/2026:16:13:11
    162 [03/May/2026:16:13:12
    158 [03/May/2026:16:13:13
    161 [03/May/2026:16:13:14
    160 [03/May/2026:16:13:15
    155 [03/May/2026:16:13:16
    159 [03/May/2026:16:13:17
    162 [03/May/2026:16:13:18
    160 [03/May/2026:16:13:19
    160 [03/May/2026:16:13:20
    159 [03/May/2026:16:13:21
    160 [03/May/2026:16:13:22
    161 [03/May/2026:16:13:23
    160 [03/May/2026:16:13:24
    164 [03/May/2026:16:13:25
    165 [03/May/2026:16:13:26
    157 [03/May/2026:16:13:27
    158 [03/May/2026:16:13:28
    159 [03/May/2026:16:13:29
    161 [03/May/2026:16:13:30
    166 [03/May/2026:16:13:31
    159 [03/May/2026:16:13:32
    166 [03/May/2026:16:13:33
    160 [03/May/2026:16:13:34
    163 [03/May/2026:16:13:35
    158 [03/May/2026:16:13:36
    164 [03/May/2026:16:13:37
    159 [03/May/2026:16:13:38
    151 [03/May/2026:16:13:39
    158 [03/May/2026:16:13:40
    157 [03/May/2026:16:13:41
    152 [03/May/2026:16:13:42
    151 [03/May/2026:16:13:43
    154 [03/May/2026:16:13:44
    168 [03/May/2026:16:13:45
    143 [03/May/2026:16:13:46
    173 [03/May/2026:16:13:47
    146 [03/May/2026:16:13:48
    169 [03/May/2026:16:13:49
    175 [03/May/2026:16:13:50
    144 [03/May/2026:16:13:51
    178 [03/May/2026:16:13:52
    160 [03/May/2026:16:13:53
    142 [03/May/2026:16:13:54
    183 [03/May/2026:16:13:55
    141 [03/May/2026:16:13:56
     90 [03/May/2026:16:13:57
