0.0891965
0.0891965
0.0891965
0.0979833
0.0979833
0.0979833
0.118182
0.118182
0.118182
0.235547
0.235547
0.235547
0.461025
0.461025
0.461025
0.554136
0.554136
0.554136
0.561916
0.561916
0.546811
0.546811
0.546811
0.560439
0.560439
0.560439
0.571874
0.571874
0.571874
0.62278
0.62278
0.604994
0.604994
0.604994
0.578712
0.578712
0.578712
0.590423
0.590423
0.590423
0.568463
0.568463
0.568463
0.558993
0.558993
0.558993
0.684971
0.684971
0.684971
0.647922
0.647922
0.647922
0.702042
0.702042
0.641344
0.641344
0.641344
0.608876
0.608876
0.608876
0.600333
0.600333
0.600333
0.699236
0.699236
0.579577
0.579577
0.579577
0.545451
0.545451
0.545451
0.54248
0.54248
0.54248
0.539525
0.539525
0.539525
0.535289
0.535289
0.535289
0.531084
0.531084
0.531084
0.528113
0.528113
0.528113
0.524883
0.524883
0.524883
0.521928
0.521928
0.521928
0.518698
0.518698
0.518698
0.514493
0.514493
0.514493
0.511231
0.511231
0.508991
0.508991
0.508991
0.502609
0.502609
0.502609
0.495025
0.495025
0.495025
0.486419
0.486419
0.486419
0.478544
0.478544
0.478544
0.470959
0.470959
0.470959
0.463359
0.463359
0.463359
0.455759
0.455759
0.455759
0.446925
0.446925
0.446925
0.439325
0.439325
0.439325
0.431725
0.431725
0.431725
0.424125
0.424125
0.424125
0.416525
0.416525
0.416525
0.408682
0.408682
0.408682
0.401081
0.401081
0.401081
0.393481
0.393481
0.393481
0.385638
0.385638
0.385638
0.378038
0.378038
0.378038
0.370178
0.370178
0.370178
0.362578
0.362578
0.362578
0.354247
0.354247
0.354247
0.346631
0.346631
0.346631
0.338772
0.338772
0.338772
0.331188
0.331188
0.331188
0.323588
0.323588
0.323588
0.315728
0.315728
0.315728
0.307837
0.307837
