0.0845044
0.0845044
0.0845044
0.0862099
0.0862099
0.0862099
0.101913
0.101913
0.101913
0.182881
0.182881
0.182881
0.366799
0.366799
0.366799
0.507081
0.507081
0.507081
0.66761
0.66761
0.580355
0.580355
0.580355
0.586674
0.586674
0.586674
0.703472
0.703472
0.703472
0.57582
0.57582
0.57582
0.562388
0.562388
0.562388
0.571843
0.571843
0.571843
0.555244
0.555244
0.555244
0.55838
0.55838
0.561775
0.561775
0.561775
0.562231
0.562231
0.562231
0.580001
0.580001
0.580001
0.532703
0.532703
0.532703
0.545113
0.545113
0.545113
0.646209
0.646209
0.646209
0.530463
0.530463
0.530463
0.529701
0.529701
0.529701
0.530416
0.530416
0.530416
0.567434
0.567434
0.567434
0.531603
0.531603
0.531603
0.575199
0.575199
0.575199
0.526989
0.526989
0.526989
0.524003
0.524003
0.524003
0.519814
0.519814
0.519814
0.516583
0.516583
0.516583
0.513612
0.513612
0.513612
0.510367
0.510367
0.510367
0.507396
0.507396
0.507396
0.503175
0.503175
0.503175
0.500204
0.500204
0.500204
0.492557
0.492557
0.492557
0.484957
0.484957
0.484957
0.477341
0.477341
0.477341
0.469026
0.469026
0.469026
0.46141
0.46141
0.46141
0.453826
0.453826
0.453826
0.446226
0.446226
0.446226
0.438626
0.438626
0.432488
0.432488
0.432488
0.425147
0.425147
0.425147
0.417547
0.417547
0.417547
0.409947
0.409947
0.409947
0.402347
0.402347
0.402347
0.394503
0.394503
0.394503
0.386903
0.386903
0.386903
0.379287
0.379287
0.379287
0.371687
0.371687
0.371687
0.364056
0.364056
0.364056
0.356212
0.356212
0.356212
0.348596
0.348596
0.348596
0.341208
0.341208
0.341208
0.332618
0.332618
0.332618
0.325018
0.325018
0.325018
0.317355
0.317355
0.317355
0.309755
0.309755
0.309755
