0.0847323
0.0847323
0.0847323
0.0847323
0.0847323
0.0917979
0.0917979
0.0917979
0.101654
0.101654
0.101654
0.183093
0.183093
0.183093
0.397631
0.397631
0.397631
0.509015
0.509015
0.509015
0.556234
0.556234
0.556234
0.544736
0.544736
0.544736
0.564196
0.564196
0.564196
0.561013
0.561013
0.561013
0.542708
0.542708
0.542708
0.568518
0.568518
0.568518
0.544107
0.544107
0.544107
0.575018
0.575018
0.575018
0.555236
0.555236
0.555236
0.52886
0.52886
0.52886
0.529544
0.529544
0.529544
0.559464
0.559464
0.559464
0.51087
0.51087
0.51087
0.510854
0.510854
0.510807
0.510807
0.510807
0.512496
0.512496
0.512496
0.511522
0.511522
0.511522
0.511766
0.511766
0.511766
0.512496
0.512496
0.512496
0.514446
0.514446
0.514446
0.512984
0.512984
0.512984
0.516686
0.516686
0.516686
0.515939
0.515939
0.515939
0.52115
0.52115
0.52115
0.525079
0.525079
0.525079
0.528781
0.528781
0.528781
0.541427
0.541427
0.541427
0.541396
0.541396
0.541396
0.543101
0.543101
0.543101
0.535273
0.535273
0.535273
0.532302
0.532302
0.532302
0.529347
0.529347
0.529347
0.52636
0.52636
0.52636
0.522659
0.522659
0.522659
0.51946
0.51946
0.51946
0.516473
0.516473
0.516473
0.513259
0.513259
0.513259
0.510044
0.510044
0.510044
0.506067
0.506067
0.506067
0.502869
0.502869
0.502869
0.495237
0.495237
0.495237
0.487881
0.487881
0.487881
0.480509
0.480509
0.480509
0.471934
0.471934
0.471934
0.464043
0.464043
0.464043
0.456365
0.456365
0.456365
0.448474
0.448474
0.448474
0.440551
0.440551
0.440551
0.432158
0.432158
0.432158
0.424526
0.424526
0.424526
0.416667
0.416667
0.416667
0.409051
0.409051
0.403903
0.403903
0.403903
0.395525
0.395525
0.395525
