=~=~=~=~=~=~=~=~=~=~=~= PuTTY log 2026.04.24 15:02:38 =~=~=~=~=~=~=~=~=~=~=~=
Using username "p3-atk127".

The programs included with the Debian GNU/Linux system are free software;
the exact distribution terms for each program are described in the
individual files in /usr/share/doc/*/copyright.

Debian GNU/Linux comes with ABSOLUTELY NO WARRANTY, to the extent
permitted by applicable law.
]0;p3-atk127@p3-atk127: ~p3-atk127@p3-atk127:~$ vim sample.cnf 
[?1049h[?1h=[1;24r[?12;25h[?12l[?25h[27m[m[H[2J[?25l[24;1H"sample.cnf" [readonly] 18L, 402C[>c[1;1H############ GENERAL SECTION ############
BATCH_NAME=p3
CLIENTS_NUM_MAX=150
CLIENTS_NUM_START=150
CLIENTS_RAMPUP_INC=0
INTERFACE=eth0
NETMASK=16
IP_ADDR_MIN=192.168.197.1
IP_ADDR_MAX=192.168.197.255
CYCLES_NUM=100
URLS_NUM=1

############ GENERAL SECTION ############
URL=http://192.168.1.197/index.php
URL_SHORT_NAME="local-index"
REQUEST_TYPE=GET
TIMER_URL_COMPLETION=20000
TIMER_AFTER_URL_SLEEP=200
[1m[34m~                                                                               [20;1H~                                                                               [21;1H~                                                                               [22;1H~                                                                               [23;1H~                                                                               [m[24;63H1,1[11CAll[1;1H[?12l[?25h[?25l[24;1H[K[24;1H:[?12l[?25hq[?25l[24;1H[K[24;1H[?1l>[?12l[?25h[?1049l]0;p3-atk127@p3-atk127: ~p3-atk127@p3-atk127:~$ 